Iniciando GetTokenSecurity
key: VYifjzhJd3At36b5reFTT2XaY/0qRBpCIradcaC+U24sg7IxK+TwriPqxktZllCR4zsrVIJRC3q3FFaWDJUFdOUt7NU69RpwHPcaAVUDhSF5h5v1WUNpyCwkipGjcMho14PPI3Zh3loepsh7l4jqBQ==
GetDecryptMessage(key): SHL|/api/TimeSheetNG/Select
GroupProperty: SHL
token: SHL.TokenSecurity.Model.TOKEN
Insert()
Token: 
Iniciando GetTokenSecurity
key: Ujm13lVatQ6B6mOTZGf+xtHSjQIRWSTgaTfYcUmkWpgxNqqQzLo4fUuk7ykXXesjHQDQTKblCuhEj++DHHaV+vbkCBHLsZfZrU291mrU1w2QpE/2grzq521My3GHCTvPGd0XyACghBCFNM7O81MkSQ==
GetDecryptMessage(key): SHL|/api/TimeSheetNG/Update
GroupProperty: SHL
token: SHL.TokenSecurity.Model.TOKEN
Insert()
Token: 
Iniciando GetTokenSecurity
key: gkliqYTSxkTGt01O6d1vSD4HU8vyc1Z/hF83eMBoxRzMxrI44feD1ZbNBUY/tmjpFf/yBVLT+nHBuu7fqshbFGj5Js2Q6+IltOzXCJMRNxBLPsKE+f8AG9AMy2S3Ub0caNngN1k/3CNu410tFJ3WUg==
GetDecryptMessage(key): SHL|/api/TimeSheetNG/Select
GroupProperty: SHL
token: SHL.TokenSecurity.Model.TOKEN
Insert()
Token: 
Iniciando GetTokenSecurity
key: OWEfYqo9LcFb3P4pkcZd5XyWbY98EM36DVaZIf9FIzxYCEKOTAMp4GK5baetdu7O7rO5TN1rIz28Qm7HkWUKW4O4HkYyWHDanFd9PKPEtr1ER4Hciv1kozdY9vQYl7PO6155uYElrHI45TleBe/9qQ==
GetDecryptMessage(key): SHL|/api/TimeSheetNG/Select
GroupProperty: SHL
token: SHL.TokenSecurity.Model.TOKEN
Insert()
Token: 
Iniciando GetTokenSecurity
key: MGnBClGE55xkmAAsV0piTfGojWaIHyJUcJfZFey812DWKHXNCfZ2yvTEuM2FbiqyvXy+t6WTtqiFKSiAAXmTmc2eDl5Ft+b+zpf8+ONVCtT/A3Pp/SvBVUMcWsx29V05b+2xu/72JzJ07VsP6YklPA==
GetDecryptMessage(key): SHL|/api/TimeSheetNG/Update
GroupProperty: SHL
token: SHL.TokenSecurity.Model.TOKEN
Insert()
Token: 
Iniciando GetTokenSecurity
key: RxNi0rUMzFdBb5Oi3xntJd4XZDI1f9gsV6/1hwTXpQZyu15sjNA2pmxXaqsee+Jda8ogVsf4cJ0UBYIsg+TsHIcHvseOGAXOdAZ0yxgMhqLk1g6ndIv/I40PcTV9t8LOujm/0rbGJUJR1ohGcZehrA==
GetDecryptMessage(key): SHL|/api/TimeSheetNG/Update
GroupProperty: SHL
token: SHL.TokenSecurity.Model.TOKEN
Insert()
Token: 
Iniciando GetTokenSecurity
key: zJ6y/nmzAUXAci8qZtz3jaSp6ULXyN7/0PbI5UX9v7CXGv8tep7nT6LyxeAXz72HBCgHtGdWdxH+teLHDXonB+J2lF5X7DBdxkHOwSDuQLOnCi3g2SbzKM0hwtgcZt2Jjus8c2lTDa4t8FmW2iDBmQ==
GetDecryptMessage(key): SHL|/api/TimeSheetNG/Select
GroupProperty: SHL
token: SHL.TokenSecurity.Model.TOKEN
Insert()
Token: 
Iniciando GetTokenSecurity
key: NVJJAQuNGXkUOSrQO1m8bjGbG1DYh0u+daitH+YgmnD8fks4wbhN/LIbuo8geP37Cr4FIYWpHX7UynJWE8m2JeXi/eSodtKZ3RG5BEMqBitalP6wluI9FV5yV3cubcPwElthOAmshssMJ4ArVAo/Hg==
GetDecryptMessage(key): SHL|/api/TimeSheetNG/Select
GroupProperty: SHL
token: SHL.TokenSecurity.Model.TOKEN
Insert()
Token: 
Iniciando GetTokenSecurity
key: 6tIn507fdMSv2os8/1jnx06dUAbrHpO/CCpdBNfEMLEmCln6YUoEVYrtcK0uwFlmzoG4rUwU6UI9RpccJbDt4fixEksUd4g3EcPMXuHYtQ38kQ092H+wKpbGODpwT7tOSKmsKxJfC62tWIVbqAZN2w==
GetDecryptMessage(key): SHL|/api/TimeSheetNG/Select
GroupProperty: SHL
token: SHL.TokenSecurity.Model.TOKEN
Insert()
Token: 
Iniciando GetTokenSecurity
key: 73g/HhW7EMLJuzSksCrP5l3n2ea7tO7QwAQ+iOrx5h+WEA0neOCISDbaHd+YtE1SAhcg515/n0a5hoGqilaUcaFl15KQnRBKsgyhE75vf8EcwMynFceBSvUq+yw/bZ8YH5aAUns5t0rSffMipNxSDA==
GetDecryptMessage(key): SHL|/api/TimeSheetNG/Insert
GroupProperty: SHL
token: SHL.TokenSecurity.Model.TOKEN
Insert()
Token: 
Iniciando GetTokenSecurity
key: Um+RCfXGrlG47VUH0bUMnlLrdJJrkoK/2aNl9MCCuXc9tXTL5KIlcyXV9rLaD4gWWr9yoG/q1LA1EuIbXmowhJSQX7V4PB8GD7cysTthjEpMz0QQcZ8Je2l3btCZAE2z8+uxUrXZPpZBrTz4pcJvxA==
GetDecryptMessage(key): SHL|/api/TimeSheetNG/Select
GroupProperty: SHL
token: SHL.TokenSecurity.Model.TOKEN
Insert()
Token: 
Iniciando GetTokenSecurity
key: aeyNCMptliKrCwvmlLlZTbuKOf6Z3u5VtO6H4/UChHd1VaUuCv+OlGzulUVT08q1krzDpFWXdMR7fSsgPA2k89bmhO2eArT3dKBsy6iNhqwkbts/Y8itYRrTeIQtuiDSECF3qY713wP9zNkQGaKDZA==
GetDecryptMessage(key): SHL|/api/TimeSheetNG/Update
GroupProperty: SHL
token: SHL.TokenSecurity.Model.TOKEN
Insert()
Token: 
Iniciando GetTokenSecurity
key: g2K1Kb6447aqnk6joEQz6gXSRWl4rK6ImWKIR/Eb7xmGp+j/jxb1cgHXo77pqJHy4rg0AkuKzXHtNsxzgkXW+GPP09XMohGvxMlYY8d0hZ/T877oh9YRnk701FD4Ea6e2TMd8vepuUsxafdiQgQwwg==
GetDecryptMessage(key): SHL|/api/TimeSheetNG/Select
GroupProperty: SHL
token: SHL.TokenSecurity.Model.TOKEN
Insert()
Token: 
Iniciando GetTokenSecurity
key: hrLYjzpbxW9KijqG41T8aKedQKFDo4LqYiw9LG9im04B3Ax3Jn7EHi59FIUOQD2racRAStnhAzYc7rl7SGqpFYA+ncLteGDvxfm3BvDygk8FQ9CD2KcVPi2KXrl+T3jJuCsbQRT7GOZHXgFNneZgzA==
GetDecryptMessage(key): SHL|/api/TimeSheetNG/Update
GroupProperty: SHL
token: SHL.TokenSecurity.Model.TOKEN
Insert()
Token: 
Iniciando GetTokenSecurity
key: 8CTQ29utaJq9zjBq5l38AzFbO+A+HBxXH3xGtU6clQjNtapxDHqCReNlOI6VrjY8iW79JYcc8MyGGB4NnNjd7qNTDYRlDdBw2CI8OF+sNeT9BltSTS9MiS9UslYqsf+G4E6QVAS4eEJ7+K/Mhj7+Jg==
GetDecryptMessage(key): SHL|/api/TimeSheetNG/SelectAll
GroupProperty: SHL
token: SHL.TokenSecurity.Model.TOKEN
Insert()
Token: 
Iniciando GetTokenSecurity
key: YtzcJ0IAzzny4JrdP1p97F/IS6nQyy3lQGQyCU/t7AwY3deshAGhVeImfk+OPOrgR8J04tsoOvJGctVZ5dBaoW8UEvrPNhPE2uZYMEv1CfNfmfVGEKk4+ktIs1ZPxIIlt/lsfYYZeydxdnhHabASBg==
GetDecryptMessage(key): SHL|/api/TimeSheetNG/SelectAll
GroupProperty: SHL
token: SHL.TokenSecurity.Model.TOKEN
Insert()
Token: 
Iniciando GetTokenSecurity
key: LVJZaFTgRs9XlqWjrcg0K6wP8RUWJooVJuVFPyMzYVdx3+yqRU2drTPv6UirpjEr3LvudAnFzhBBO+H/AsBqkUjw11ICEsylvHHrumHkbesa4L1e3TZuIWk4U+K3tLSRYnO5ShCZ77g+PKj4ZqSv6A==
GetDecryptMessage(key): SHL|/api/TimeSheetNG/SelectAll
GroupProperty: SHL
token: SHL.TokenSecurity.Model.TOKEN
Insert()
Token: 
Iniciando GetTokenSecurity
key: XPd+o/D8K3KN5oiPsHBBRgGUpqiwNovpfDrCGxpXlFMLzTM4OqhyUgmjbRygJM2gKygy7s6GBlpWdKwnRmbpOPboVImhE5tHBG2jzbCY89448/rED2lWOyxGfIktxvgZAEEXLtGmo39S/mVaZx+vnw==
GetDecryptMessage(key): SHL|/api/TimeSheetNG/SelectAll
GroupProperty: SHL
token: SHL.TokenSecurity.Model.TOKEN
Insert()
Token: 
Iniciando GetTokenSecurity
key: nO+QpuTynKuUznUfyDQpx/HmBgnKxvmRB+7s0EjOg3378gOQnbaUvSJqaEJKpJZEwarOPcVr0tUbVhEAkjWugk9nIzSTARgUFaJBbAo+Diqkz2QGt4gAIecm1fSIhETFH2M/zD0U7uhNydHPI3nbkQ==
GetDecryptMessage(key): SHL|/api/TimeSheetNG/SelectAll
GroupProperty: SHL
token: SHL.TokenSecurity.Model.TOKEN
Insert()
Token: 
Iniciando GetTokenSecurity
key: kuaphPA1Zfd8IJiLbuUt+GTlY6gnw8w3j+DnvwDA0pFyxe9EP38utO0s+P352LIVF/XFc9khaPkz7hBL/aqH5lRypaQRGmNU1axHGeBy8HQwniYLaOBBVTYaqdKnLuKtUPcyepLxWHX6NsCZW2eYEw==
GetDecryptMessage(key): SHL|/api/TimeSheetNG/SelectAll
GroupProperty: SHL
token: SHL.TokenSecurity.Model.TOKEN
Insert()
Token: 
Iniciando GetTokenSecurity
key: jx873AnoFXQhJ7mCw40JNMPoNIc7mt2Pvf8+yX8cNOuUJL0Xj2yTD7tqA5ouoEi8u/k2VUhayolNBTb8O5xNxCxD6Oaxo+KWdvGCgDZU/+sP7oVzkn12LviRg46Nk7xNzTHrGii2DdzxnnenwLcXTA==
GetDecryptMessage(key): SHL|/api/TimeSheetNG/Select
GroupProperty: SHL
token: SHL.TokenSecurity.Model.TOKEN
Insert()
Token: 
Iniciando GetTokenSecurity
key: igC9/Zen2D1JtrLMbhGQySbYLzfJteeBY937TVeYeYbkcbVNWTWjxl/DIg1ziHqkMPWNHo0GUK8nLIyeu/V4tTNjTId2QsDj0HSDL1PnECbvpAlG/X1Bts+3r5gozkLvZP8tPR81MW6qxzF8jllhrg==
GetDecryptMessage(key): SHL|/api/TimeSheetNG/SelectAll
GroupProperty: SHL
token: SHL.TokenSecurity.Model.TOKEN
Insert()
Token: 
Iniciando GetTokenSecurity
key: LgZF2z7b6V3f79gPfgac/OAtfyrZ60S2vB8zwcPo9OayQeoOtiXcWl6a99npa6M2z578RJiERHucWKP9TMIzo2xc9e55yGTcqHV3L8rCoEu92jcKpdP5L1c9SPl0OruzGLmnXL0iamJl9Q/LW3WZ4A==
GetDecryptMessage(key): SHL|/api/TimeSheetNG/SelectAll
GroupProperty: SHL
token: SHL.TokenSecurity.Model.TOKEN
Insert()
Token: 
Iniciando GetTokenSecurity
key: wicUe3jnNqj5JJ6EIEQW5KtdCtoIcC0b4hG1BRp4ttE//CTUiFDCA6ve58CEZf2STwoMR2hTSxH/vg+M9yRCZszzHs/yEm3GlwlYY0Ao67e9o04K8vyBKddUe/DRZd1+15m/DAS9gXMee+AS6J1cRg==
GetDecryptMessage(key): SHL|/api/TimeSheetNG/SelectAll
GroupProperty: SHL
token: SHL.TokenSecurity.Model.TOKEN
Insert()
Token: 
Iniciando GetTokenSecurity
key: 57Wl48FJDOEp1OM8U0ZPRipG2Q+DVTQtAr3RP8yVj/hNam5XcGJCQojLe8yeFeWoD5hhLUsTYtHhGZzIX5UDVRqTs+i9pLwUYow2NQC4wTdKdGdEyU7gZ0sSGJceyhSa5OGEyfd9FuAjVuMs7nFmwA==
GetDecryptMessage(key): SHL|/api/TimeSheetNG/SelectAll
GroupProperty: SHL
token: SHL.TokenSecurity.Model.TOKEN
Insert()
Token: 
Iniciando GetTokenSecurity
key: x4GMf5rTUCw7lgZefgl/+HiEp6KYFsbm9/CPHAFWCOv50MjgXI+uUCOrxD8/gJirnq1LrPdy6OB7VKe/WW+tMYDLlH5muYnIT47yjfXyPE8gss2bKMbvY86ch3Gydb9iUZOshsoYLyqOCcSc2YcRtw==
GetDecryptMessage(key): SHL|/api/TimeSheetNG/SelectAll
GroupProperty: SHL
token: SHL.TokenSecurity.Model.TOKEN
Insert()
Token: 
Iniciando GetTokenSecurity
key: GGoilXDP5SD+WBNXjme5MzKIvNTOXXaedabtlhZT18g2MwJCQJXnwlUsJqTZyBSg0ZkmYDoz4YWS3mM+y7WZzXTJhwuqlfK4+qhmzvElmS5Hh84lm6DSmD2VN1soM48N6uWu9RUndQ5hH0BywNqItQ==
GetDecryptMessage(key): SHL|/api/TimeSheetNG/SelectAll
GroupProperty: SHL
token: SHL.TokenSecurity.Model.TOKEN
Insert()
Token: 
Iniciando GetTokenSecurity
key: O5FZgjWiHwm4RNeAIV3Entb0fJjgRmhwlrjI8yvcDVm2lsiA2EZmA5cVz3IrS+KUwgAZgIOqU4tR6qWfshJ2A1zxZLhSohO5kf6QPKMqqjGEDspfmCYR9aFaZILG0si/8hlpzZirAMZzFV7dUEFn9g==
GetDecryptMessage(key): SHL|/api/TimeSheetNG/SelectAll
GroupProperty: SHL
token: SHL.TokenSecurity.Model.TOKEN
Insert()
Token: 
Iniciando GetTokenSecurity
key: AeMkn2GUdOETJk/2VesoNyR7XpuIX3Nd9t71dn6BCW8KV0URbEVjU6kpW6hrwiaQ5w3WpoiY7O9x8lEGhldSwat2AOuRWOIbL8Rj/TYxgD0PObMv/S58PDiAJvjZQ5h9JZxwjXR8X9xjiRqnGTR2Tw==
GetDecryptMessage(key): SHL|/api/TimeSheetNG/SelectAll
GroupProperty: SHL
token: SHL.TokenSecurity.Model.TOKEN
Insert()
Token: 
Iniciando GetTokenSecurity
key: 90AlZwH+UuZn3BA7DgxGyZMLrJ0Q70/xg3bJI8NCJLOLMLf4/PTO1414cz+CicJMNw05BlwmYg3moUve5A67g5C8e3b344LCK3AVp/XWu8NHimcvjFpWNOR85Blx4P123kI54g018OaJvmZDbSj37g==
GetDecryptMessage(key): SHL|/api/TimeSheetNG/SelectAll
GroupProperty: SHL
token: SHL.TokenSecurity.Model.TOKEN
Insert()
Token: 
Iniciando GetTokenSecurity
key: GniZgorynXY5W0AtXu2RqYPxnDjww393/GTKH0XaLq4N+zmYOjgLYz22OMFyOz2skss9zltn9eqt4QSLdvW4gKS/tQC+2QLHvC1lp/BBowY5384+u0+Dzkr7h5KePOwgtDfenstaYNgWerCETd2x8w==
GetDecryptMessage(key): SHL|/api/TimeSheetNG/Select
GroupProperty: SHL
token: SHL.TokenSecurity.Model.TOKEN
Insert()
Token: 
Iniciando GetTokenSecurity
key: BflH4oMp+wwoYLIq/31UkCBMygoUIS0IKR5+WvylOxq36Gyds3IMyMDj2CKSgrjB3PZJeL7S+x7Tl7/Ehm3/QqVY37PmlWXmEIlsL1zKKSCPTdxBYRLsSCiJtP3S7HE/fQVEsVNqGPIWc/97SBU4Gg==
GetDecryptMessage(key): SHL|/api/TimeSheetNG/Update
GroupProperty: SHL
token: SHL.TokenSecurity.Model.TOKEN
Insert()
Token: 
Iniciando GetTokenSecurity
key: jEFCn+shgnFzktqBg4wArtqKoEX0EwtglOR+6DMtZ7aEfDthJM8ZkDvNBD48zK8bOSohWwA4WfxGAUeoSSlaOUpd3k8yNJpxADy7S/YjzcWiHa0I1yJNjXfPKy/1/iTWhIsa1bN/EAIOu61V2piCWQ==
GetDecryptMessage(key): SHL|/api/TimeSheetNG/Select
GroupProperty: SHL
token: SHL.TokenSecurity.Model.TOKEN
Insert()
Token: 
Iniciando GetTokenSecurity
key: c7FlmxpruqBYa/tKNHRzfspJUfHu3lMjC9W6zBYhOLBWvAJ9+jWR7jNAK9FzcnZcNM2cZCckN1XR0DV/eSjCcI3YGvl3tPV7dyooPLaSSiMA6Qd4VUFYSXr7O3CYi0WW0mmaBNMZ3x44xO4l+vwj+g==
GetDecryptMessage(key): SHL|/api/TimeSheetNG/Update
GroupProperty: SHL
token: SHL.TokenSecurity.Model.TOKEN
Insert()
Token: 
Iniciando GetTokenSecurity
key: 09TCqi7krz/vEM5/YER9+k4q0B8V905mKdkFdibt0r57Wc7KP9OEENVzTXqt2cy+Ud/Pi7kxTPjPaw0YXqJ3xv/ejJFZgGDQlo8QILs6W89/tBvKgVYgSCbaci66tbRg7N5M7YsCJepaGDXYeJWwPA==
GetDecryptMessage(key): SHL|/api/TimeSheetNG/Select
GroupProperty: SHL
token: SHL.TokenSecurity.Model.TOKEN
Insert()
Token: 
Iniciando GetTokenSecurity
key: /R/CbBPrH4xVQy+bvvRKqXFESlFo03YcUTsq0Sz50kYFIUMYbpFkF8vZjL7lASnY66dJ+kLx7gIQqPuSE+9nVzAWIg5iQuQFWwThyt5L+PEiTfjGSF0OGXmzkFLsGhfOPbpzpLh/otMx0GRzzvo3PA==
GetDecryptMessage(key): SHL|/api/TimeSheetNG/Update
GroupProperty: SHL
token: SHL.TokenSecurity.Model.TOKEN
Insert()
Token: 
Iniciando GetTokenSecurity
key: C3vBAVkpS/tLs25DbTKQoF388DnTuMFKiAVkFirxFFYNF/P8gRRJiGUypcHs4PU+ZRoZroIqhKxiMKKU/KKyU4BAQZrvxadl8BV786j3NS+2PGHbpszp4eqENia4Q+k3JojWSFmFwvaxW2vkMJVWhw==
GetDecryptMessage(key): SHL|/api/TimeSheetNG/SelectAll
GroupProperty: SHL
token: SHL.TokenSecurity.Model.TOKEN
Insert()
Token: 
Iniciando GetTokenSecurity
key: 7gtSzPv+s9r4puh0DpJ9N38GW2W/Yre5Bg8xM4hRlVuYcfnEfV3QCvYWOPVkGRrDIuBp6+n2P4stihAXEPTyRXVrYuZ10nhpJVUAo7MpIeHAKy/SVkuldOaHi1GWs+gl9ArA7oIXlwvFSkQ1J0cyMg==
GetDecryptMessage(key): SHL|/api/TimeSheetNG/SelectAll
GroupProperty: SHL
token: SHL.TokenSecurity.Model.TOKEN
Insert()
Token: 
Iniciando GetTokenSecurity
key: FqvhJwybZClrNAd4gH82z0bD4RJX6HnlXKKU+NkbkIGrrIoDcK+n+uobD5KiNzF98tHKkMdc8Sy/Sfk3XXU5n74KEedkohotF5XR0B1HqREJBKg/9ML51tdixFhCnGV0k7AzOGbgzHaYQwsvFNY3/w==
GetDecryptMessage(key): SHL|/api/TimeSheetNG/SelectAll
GroupProperty: SHL
token: SHL.TokenSecurity.Model.TOKEN
Insert()
Token: 
Iniciando GetTokenSecurity
key: 4lRVuI4jHmnL2YCRCCbbsqvZVYAOx8wnpnXA40cI4ZoSx/qVWcr094lngAVT58aVTU0tXVSxo2zyz+wFUzcZmGlLLbNocwcE4RkEGrA+tyuFhxP2TB3naGT5RvW4rbMGC7dniFNR+fns1DIEszWhsg==
GetDecryptMessage(key): SHL|/api/TimeSheetNG/Select
GroupProperty: SHL
token: SHL.TokenSecurity.Model.TOKEN
Insert()
Token: 
Iniciando GetTokenSecurity
key: J//aty9YUyr/GAVdpUWUWzNu3qggVem856RG11PKQJkjLvV4BsbkUj38uvYwf6NAW5GzWllDlEdGM4idvqhaK5ZuFTzc819CgcYd1QmQG3bpE3by4H8P+sgyHigsYRPf0rp+PZwSOEv3QaZXiofxiw==
GetDecryptMessage(key): SHL|/api/TimeSheetNG/Select
GroupProperty: SHL
token: SHL.TokenSecurity.Model.TOKEN
Insert()
Token: 
Iniciando GetTokenSecurity
key: KxEfZuLHVaCoklZTQNRliP2qZccl6dm9RiYPEem386N7MPtWdrD8sOuzAgr9ebkKUA6a2750ohVmTJyoV/r6uCiNWmCPE0YyZG/bEiiVcp06SrrP4Qr+vUelUESHFwhDGMF1AXjxhL36C6tQl8Z5qA==
GetDecryptMessage(key): SHL|/api/TimeSheetNG/Select
GroupProperty: SHL
token: SHL.TokenSecurity.Model.TOKEN
Insert()
Token: 
Iniciando GetTokenSecurity
key: 1LqFR8apPtaHkf/jWDjbDFY3s7gvj0IZAvbWFQxdbU48d6q76UYgiYjLBzb6H1z+BN2OixHucet3rN1EyFcs3yC7vZFg9U7Veh+1T+7Fa7bhsZe5VeqQlKIY0bf3aKvWQZsGOoOaezpH1Z3QbblfLQ==
GetDecryptMessage(key): SHL|/api/TimeSheetNG/SelectAll
GroupProperty: SHL
token: SHL.TokenSecurity.Model.TOKEN
Insert()
Token: 
Iniciando GetTokenSecurity
key: z5epk0GCmQ7ePD8YYG4SDGCikrXW3EpoCuhArQY5xIbOhxD1vai7GK5Kf2CVkHbfngxpnDGmX0d9yWH2Tx4sdaJ5H4AahRg3qtPcUmYNCBFxvqGM9TKBLhVm3zQvwOrX/yJ2vq0G+QRIpwtmO6pgnA==
GetDecryptMessage(key): SHL|/api/TimeSheetNG/SelectAll
GroupProperty: SHL
token: SHL.TokenSecurity.Model.TOKEN
Insert()
Token: 
Iniciando GetTokenSecurity
key: nmze7rAFDI2S1rUT8znASr+H6Hiyk9xewryx1Egrx3AG7IQbkEbUe/d+g5B7k1uYeJ+kXL4xwV8N+px88Pyo9MY+HzgS6mz6st5WHNwBeaVGdl3qszVcy1Yl9/rHyR9nL1Ldbv6889TOmnY3vZ+Mjw==
GetDecryptMessage(key): SHL|/api/TimeSheetNG/SelectAll
GroupProperty: SHL
token: SHL.TokenSecurity.Model.TOKEN
Insert()
Token: 
Iniciando GetTokenSecurity
key: NV4iJTECdvutDRPM9J4H6rtwO/nfQCShtcCplZhmjDkAaVHucD2iixsht+uNFE3BKQ3RkrfDluGuGYCs5f6GptdEaxGrngjNT5PvtZ+Qtp7M2J/E1Xz4vpxuKPFUVfByee2MWllGFPbQ4YJhCmUzzg==
GetDecryptMessage(key): SHL|/api/TimeSheetNG/SelectAll
GroupProperty: SHL
token: SHL.TokenSecurity.Model.TOKEN
Insert()
Token: 
Iniciando GetTokenSecurity
key: LbzRLHxLjJPB0NLGoehYiTMO2RS5mFYm9NBduiOikQKmFa/OqvOLrGACM1PYtBbg/HFZCid6tfPeoys+OY08qVhZaoMpOj1lvEdcyfGpa6rYHr5Ua3eMLQn5Y9V8hGX60N0z9X57+g157jSDR7j1Fw==
GetDecryptMessage(key): SHL|/api/TimeSheetNG/SelectAll
GroupProperty: SHL
token: SHL.TokenSecurity.Model.TOKEN
Insert()
Token: 
Iniciando GetTokenSecurity
key: H2ncLUY2IIcdszecWCTXidB5BMNm+yApdnPDCiFLE/o0xTMOcVsgyMYmbw/l9VQg6pcB9hHdv9z9927HB5F28ijmAktDjN9y00HmcyDLkjDOUWoJAZEIGt/1vdeIohtLMgp8sTxkLWrqBgvC0Cc2hQ==
GetDecryptMessage(key): SHL|/api/TimeSheetNG/SelectAll
GroupProperty: SHL
token: SHL.TokenSecurity.Model.TOKEN
Insert()
Token: 
Iniciando GetTokenSecurity
key: ogv6f0wjgte23HfJ0HZ09pwa1nll3jB7pyMsAxNcoGDDskJCJ4Tgdc+MjDZKYxEXYO7HhrVfFeyNDcohPm1MQJMt8p67uXB0NMm2ts7bRHtT6MPd4aQE3ztnPpwo/C4p2+p9+qo1ZOkKY6fnHK7dLg==
GetDecryptMessage(key): SHL|/api/TimeSheetNG/SelectAll
GroupProperty: SHL
token: SHL.TokenSecurity.Model.TOKEN
Insert()
Token: 
Iniciando GetTokenSecurity
key: 8Ict5LGOwBLwlL3jX1HN7SVfwwqaDKtqdJcmFUuzZ17OerOeDKW1ZvlhP6rHK+LEcLq3ZBJMbyYMuoLBTPS7vtpnz/Xy4UzAQwQLm3rcKo5kT7cUCfA8T3uD/4n4uqtB/n8xtG2+9fSPwke/DgiOsg==
GetDecryptMessage(key): SHL|/api/TimeSheetNG/SelectAll
GroupProperty: SHL
token: SHL.TokenSecurity.Model.TOKEN
Insert()
Token: 
Iniciando GetTokenSecurity
key: aIID5knOVS67CmE+7A7HPcl9UTlncUsgcFuY4kdDAZTU9Bfw7RSKlnd+9kWD1cx/fLmuxYNX2Jw+Cy7jUMiYRsJvBYASD0C4/C/TX9+EVtG7oFtD7WImaX68LAL8HbIIIJ9u7QMZ8FRE4T9rtkzU/g==
GetDecryptMessage(key): SHL|/api/TimeSheetNG/SelectAll
GroupProperty: SHL
token: SHL.TokenSecurity.Model.TOKEN
Insert()
Token: 
Iniciando GetTokenSecurity
key: 9hR4oMltS7E3cU7O4gDPEJBuUCFBdKAQ69DJdmrtr8qM4qeerrVxheJUnc+EZFX3+bTQtxru3p6SxxIhi20K+lO8eOvmMNhi1P5ookJYfn2cSr18EPcHtVbhCzwNUKcs6AH5jZCiJIThsVfvcTpSZg==
GetDecryptMessage(key): SHL|/api/TimeSheetNG/Select
GroupProperty: SHL
token: SHL.TokenSecurity.Model.TOKEN
Insert()
Token: 
Iniciando GetTokenSecurity
key: kBygL/W62oLBrw2/Eo572yZ/0/FACogJZiIrHpNGdXB7m48JLqaVLrctinVu+wOoOOKc0K9dy8gg37w8tSWutRcG/hEUIX4k7LK+lnzXfbMLjyrSe1u+0pFWDFxYHTN64fXrhEmGAPASnUfiF9NFGg==
GetDecryptMessage(key): SHL|/api/TimeSheetNG/SelectAll
GroupProperty: SHL
token: SHL.TokenSecurity.Model.TOKEN
Insert()
Token: 
Iniciando GetTokenSecurity
key: ZLHE5nqc2+hxEA9ePLrMiHctXUiKdZYyKnSOPpw/7R2iuIvE77sBN+w0Da8fibg528hSTG4E8zhnMrTMm8LGg1qKDmajGPiMzSEO+dEFZ84Irm2HAo78DiVpLLqNxCBWlfsDQioOVNFEPSiLpJJaeg==
GetDecryptMessage(key): SHL|/api/TimeSheetNG/SelectAll
GroupProperty: SHL
token: SHL.TokenSecurity.Model.TOKEN
Insert()
Token: 
Iniciando GetTokenSecurity
key: 3h1RmX2mKTqczlfh7FsSH8G/21kN9LNq81psvxz88ro1GsVM+csXRrkmQiizbtl9YzUwsS9qldSzoUnCLi+EpV0dQ/JI/2sqXYU4HittkCVLeXPmaq2lw4XPbMZxdSnnin5myPgW83WwAu4lgy7bRw==
GetDecryptMessage(key): SHL|/api/TimeSheetNG/SelectAll
GroupProperty: SHL
token: SHL.TokenSecurity.Model.TOKEN
Insert()
Token: 
Iniciando GetTokenSecurity
key: FR22MHqyGp85md0GOwFb5Wa8hn1OF9QvMiBzF7xQ0niAyMJEtr6xOI1xA6FWygI+a+/yIAp0ykW69Xw7nZzd6mW/ZP9Ice/nXjKhyvNwDXBNJBhK36lorkUZqDTxAUR/8xhjGxJFLk1mVeyspsfgeA==
GetDecryptMessage(key): SHL|/api/TimeSheetNG/Select
GroupProperty: SHL
token: SHL.TokenSecurity.Model.TOKEN
Insert()
Token: 
Iniciando GetTokenSecurity
key: 3or0D58BNUVMhiYwc2ENDhRjebqiYf9lZOlXW+TUcw8n6muEDm6xvrohbA0Jf2kd3jzqsv3rHFOawcigYyY+XsfG98BAha/5HFDuYsuHxU9lXhqKzg5lHyaIzwm+y/9L3Gi+aONGhw0QnHdSIG6N2A==
GetDecryptMessage(key): SHL|/api/TimeSheetNG/Select
GroupProperty: SHL
token: SHL.TokenSecurity.Model.TOKEN
Insert()
Token: 
Iniciando GetTokenSecurity
key: IqRnLEJB6hFp4GqtIDM11oyMDvQwnBeBlp9rjuh6vXTBNUD3OKAoMJBcQ9EGOqFP2Kqe6PZRyzCn6WN09dl7S/Syu9WEliHlH3QVc6rOGHtLfiEe2JCRJcArLMc9fC4PMIBdp+lfkTkpHAmfUkMWww==
GetDecryptMessage(key): SHL|/api/TimeSheetNG/SelectAll
GroupProperty: SHL
token: SHL.TokenSecurity.Model.TOKEN
Insert()
Token: 
Iniciando GetTokenSecurity
key: 8q2ZVu14GTH/zw2ndcs9V8PH7XbU1rfvNyVXYtWOInjZiGsYbpwR/5pMelstJMeV/8MjTF73KeJMMO8o/MD2aK7wXBoSujc3KvEUfcs+XfpZN0iYSb9EzZz12bo/XliE/0LxjwGYd+v3NzfllFHUWw==
GetDecryptMessage(key): SHL|/api/TimeSheetNG/SelectAll
GroupProperty: SHL
token: SHL.TokenSecurity.Model.TOKEN
Insert()
Token: 
Iniciando GetTokenSecurity
key: LgJFj+m7XNMieo0tB3ST6xDz8RJLfZW/jvh/T2TVXyzMjsiSpZiTkudct5/vroXNmm0nKVl+ZXO+I15GRg/Ij/CRPv8kX/LYb4PKgJz5C6bfKOnxZZge+kV9r6QXT5B+5UxWLqa4ei8md0KpVYu4FA==
GetDecryptMessage(key): SHL|/api/TimeSheetNG/SelectAll
GroupProperty: SHL
token: SHL.TokenSecurity.Model.TOKEN
Insert()
Token: 
Iniciando GetTokenSecurity
key: OhBpK1zx0+KsuhGpHLKnKzcKFYCJN0Lj3c+s4iNcWIh7oLFczx3vprXsIKFsc+ERej+OHbHqhnzgB0IB+Qr/6KH2AEDfErKtaGk+peCiZso2W89Y8pbASHGKtCOHyqFeNvECK5oyDuf8gT7yiauFhA==
GetDecryptMessage(key): SHL|/api/TimeSheetNG/Select
GroupProperty: SHL
token: SHL.TokenSecurity.Model.TOKEN
Insert()
Token: 
Iniciando GetTokenSecurity
key: V74rEm7ExutS6S2dSkLq3NxAvL8rtCl8TgBhXnQD6+nrroROqt+IKvV2htUlJmvg1oB42Tb/0pFxuIV6qtOjEh0LyUuKtq68i/EQhnQWkAtVq0ocjMfRnNFl1wqfz6ivoSatjcjE7s6WzQHs5d7Adg==
GetDecryptMessage(key): SHL|/api/TimeSheetNG/Select
GroupProperty: SHL
token: SHL.TokenSecurity.Model.TOKEN
Insert()
Token: 
Iniciando GetTokenSecurity
key: tTEJgyVMg/+T1neT75d++MDu5UpAxKBhSz9Ts36LgPlQBA87UvcErSudbrmWDO5EYw0arz/2WqVyc80wuM9+ZX8kaMshBCa05PkZ88zamz5F8KVuZig2kUxdtaiBQcebK5uuqpbyWtrhZ0U6Bqefvw==
GetDecryptMessage(key): SHL|/api/TimeSheetNG/SelectAll
GroupProperty: SHL
token: SHL.TokenSecurity.Model.TOKEN
Insert()
Token: 
